[debug] [2025-01-19T16:47:51.469Z] ----------------------------------------------------------------------
[debug] [2025-01-19T16:47:51.474Z] Command:       C:\Program Files\nodejs\node.exe C:\Users\ThisPC\AppData\Roaming\npm\node_modules\firebase-tools\lib\bin\firebase.js deploy --only hosting
[debug] [2025-01-19T16:47:51.475Z] CLI Version:   12.5.2
[debug] [2025-01-19T16:47:51.477Z] Platform:      win32
[debug] [2025-01-19T16:47:51.477Z] Node Version:  v18.14.2
[debug] [2025-01-19T16:47:51.498Z] Time:          Sun Jan 19 2025 18:47:51 GMT+0200 (Eastern European Standard Time)
[debug] [2025-01-19T16:47:51.498Z] ----------------------------------------------------------------------
[debug] 
[debug] [2025-01-19T16:47:51.507Z] >>> [apiv2][query] GET https://firebase-public.firebaseio.com/cli.json [none]
[debug] [2025-01-19T16:47:51.786Z] > command requires scopes: ["email","openid","https://www.googleapis.com/auth/cloudplatformprojects.readonly","https://www.googleapis.com/auth/firebase","https://www.googleapis.com/auth/cloud-platform"]
[debug] [2025-01-19T16:47:51.788Z] > authorizing via signed-in user (amroraker@gmail.com)
[debug] [2025-01-19T16:47:51.788Z] [iam] checking project amr-portfolio for permissions ["firebase.projects.get","firebasehosting.sites.update"]
[debug] [2025-01-19T16:47:51.791Z] > refreshing access token with scopes: []
[debug] [2025-01-19T16:47:51.794Z] >>> [apiv2][query] POST https://www.googleapis.com/oauth2/v3/token [none]
[debug] [2025-01-19T16:47:51.794Z] >>> [apiv2][body] POST https://www.googleapis.com/oauth2/v3/token [omitted]
[debug] [2025-01-19T16:47:52.223Z] <<< [apiv2][status] POST https://www.googleapis.com/oauth2/v3/token 400
[debug] [2025-01-19T16:47:52.223Z] <<< [apiv2][body] POST https://www.googleapis.com/oauth2/v3/token [omitted]
[debug] [2025-01-19T16:47:52.224Z] >>> [apiv2][query] POST https://cloudresourcemanager.googleapis.com/v1/projects/amr-portfolio:testIamPermissions [none]
[debug] [2025-01-19T16:47:52.224Z] >>> [apiv2][(partial)header] POST https://cloudresourcemanager.googleapis.com/v1/projects/amr-portfolio:testIamPermissions x-goog-quota-user=projects/amr-portfolio
[debug] [2025-01-19T16:47:52.224Z] >>> [apiv2][body] POST https://cloudresourcemanager.googleapis.com/v1/projects/amr-portfolio:testIamPermissions {"permissions":["firebase.projects.get","firebasehosting.sites.update"]}
[debug] [2025-01-19T16:47:52.314Z] <<< [apiv2][status] GET https://firebase-public.firebaseio.com/cli.json 200
[debug] [2025-01-19T16:47:52.315Z] <<< [apiv2][body] GET https://firebase-public.firebaseio.com/cli.json {"cloudBuildErrorAfter":1594252800000,"cloudBuildWarnAfter":1590019200000,"defaultNode10After":1594252800000,"minVersion":"3.0.5","node8DeploysDisabledAfter":1613390400000,"node8RuntimeDisabledAfter":1615809600000,"node8WarnAfter":1600128000000}
[debug] [2025-01-19T16:47:53.228Z] <<< [apiv2][status] POST https://cloudresourcemanager.googleapis.com/v1/projects/amr-portfolio:testIamPermissions 401
[debug] [2025-01-19T16:47:53.228Z] <<< [apiv2][body] POST https://cloudresourcemanager.googleapis.com/v1/projects/amr-portfolio:testIamPermissions {"error":{"code":401,"message":"Request had invalid authentication credentials. Expected OAuth 2 access token, login cookie or other valid authentication credential. See https://developers.google.com/identity/sign-in/web/devconsole-project.","status":"UNAUTHENTICATED","details":[{"@type":"type.googleapis.com/google.rpc.ErrorInfo","reason":"ACCESS_TOKEN_TYPE_UNSUPPORTED","metadata":{"service":"cloudresourcemanager.googleapis.com","method":"google.cloudresourcemanager.v1.Projects.TestIamPermissions"}}]}}
[debug] [2025-01-19T16:47:53.230Z] [iam] error while checking permissions, command may fail: FirebaseError: HTTP Error: 401, Request had invalid authentication credentials. Expected OAuth 2 access token, login cookie or other valid authentication credential. See https://developers.google.com/identity/sign-in/web/devconsole-project.
[debug] [2025-01-19T16:47:53.231Z] > refreshing access token with scopes: []
[debug] [2025-01-19T16:47:53.232Z] >>> [apiv2][query] POST https://www.googleapis.com/oauth2/v3/token [none]
[debug] [2025-01-19T16:47:53.232Z] >>> [apiv2][body] POST https://www.googleapis.com/oauth2/v3/token [omitted]
[debug] [2025-01-19T16:47:53.560Z] <<< [apiv2][status] POST https://www.googleapis.com/oauth2/v3/token 400
[debug] [2025-01-19T16:47:53.560Z] <<< [apiv2][body] POST https://www.googleapis.com/oauth2/v3/token [omitted]
[debug] [2025-01-19T16:47:53.562Z] >>> [apiv2][query] GET https://firebase.googleapis.com/v1beta1/projects/amr-portfolio [none]
[debug] [2025-01-19T16:47:54.245Z] <<< [apiv2][status] GET https://firebase.googleapis.com/v1beta1/projects/amr-portfolio 401
[debug] [2025-01-19T16:47:54.245Z] <<< [apiv2][body] GET https://firebase.googleapis.com/v1beta1/projects/amr-portfolio {"error":{"code":401,"message":"Request had invalid authentication credentials. Expected OAuth 2 access token, login cookie or other valid authentication credential. See https://developers.google.com/identity/sign-in/web/devconsole-project.","status":"UNAUTHENTICATED"}}
[debug] [2025-01-19T16:47:54.246Z] HTTP Error: 401, Request had invalid authentication credentials. Expected OAuth 2 access token, login cookie or other valid authentication credential. See https://developers.google.com/identity/sign-in/web/devconsole-project.
[debug] [2025-01-19T16:47:55.215Z] FirebaseError: HTTP Error: 401, Request had invalid authentication credentials. Expected OAuth 2 access token, login cookie or other valid authentication credential. See https://developers.google.com/identity/sign-in/web/devconsole-project.
    at responseToError (C:\Users\ThisPC\AppData\Roaming\npm\node_modules\firebase-tools\lib\responseToError.js:49:12)
    at RetryOperation._fn (C:\Users\ThisPC\AppData\Roaming\npm\node_modules\firebase-tools\lib\apiv2.js:285:77)
    at process.processTicksAndRejections (node:internal/process/task_queues:95:5)
[error] 
[error] Error: Failed to get Firebase project amr-portfolio. Please make sure the project exists and your account has permission to access it.
[debug] [2025-01-19T16:48:15.083Z] ----------------------------------------------------------------------
[debug] [2025-01-19T16:48:15.090Z] Command:       C:\Program Files\nodejs\node.exe C:\Users\ThisPC\AppData\Roaming\npm\node_modules\firebase-tools\lib\bin\firebase.js init
[debug] [2025-01-19T16:48:15.091Z] CLI Version:   12.5.2
[debug] [2025-01-19T16:48:15.092Z] Platform:      win32
[debug] [2025-01-19T16:48:15.093Z] Node Version:  v18.14.2
[debug] [2025-01-19T16:48:15.095Z] Time:          Sun Jan 19 2025 18:48:15 GMT+0200 (Eastern European Standard Time)
[debug] [2025-01-19T16:48:15.096Z] ----------------------------------------------------------------------
[debug] 
[debug] [2025-01-19T16:48:15.574Z] > command requires scopes: ["email","openid","https://www.googleapis.com/auth/cloudplatformprojects.readonly","https://www.googleapis.com/auth/firebase","https://www.googleapis.com/auth/cloud-platform"]
[debug] [2025-01-19T16:48:15.575Z] > authorizing via signed-in user (amroraker@gmail.com)
[info] 
     ######## #### ########  ######## ########     ###     ######  ########
     ##        ##  ##     ## ##       ##     ##  ##   ##  ##       ##
     ######    ##  ########  ######   ########  #########  ######  ######
     ##        ##  ##    ##  ##       ##     ## ##     ##       ## ##
     ##       #### ##     ## ######## ########  ##     ##  ######  ########

You're about to initialize a Firebase project in this directory:

  D:\My-Portfolio\my-Portfolio

Before we get started, keep in mind:

  * You are initializing within an existing Firebase project directory

[info] 
=== Project Setup
[info] 
[info] First, let's associate this project directory with a Firebase project.
[info] You can create multiple project aliases by running firebase use --add, 
[info] but for now we'll just set up a default project.
[info] 
[debug] [2025-01-19T16:48:56.057Z] Using project from CLI flag: amr-portfolio
[debug] [2025-01-19T16:48:56.060Z] > refreshing access token with scopes: []
[debug] [2025-01-19T16:48:56.064Z] >>> [apiv2][query] POST https://www.googleapis.com/oauth2/v3/token [none]
[debug] [2025-01-19T16:48:56.065Z] >>> [apiv2][body] POST https://www.googleapis.com/oauth2/v3/token [omitted]
[debug] [2025-01-19T16:48:56.557Z] <<< [apiv2][status] POST https://www.googleapis.com/oauth2/v3/token 400
[debug] [2025-01-19T16:48:56.558Z] <<< [apiv2][body] POST https://www.googleapis.com/oauth2/v3/token [omitted]
[debug] [2025-01-19T16:48:56.559Z] >>> [apiv2][query] GET https://firebase.googleapis.com/v1beta1/projects/amr-portfolio [none]
[debug] [2025-01-19T16:48:56.857Z] <<< [apiv2][status] GET https://firebase.googleapis.com/v1beta1/projects/amr-portfolio 401
[debug] [2025-01-19T16:48:56.857Z] <<< [apiv2][body] GET https://firebase.googleapis.com/v1beta1/projects/amr-portfolio {"error":{"code":401,"message":"Request had invalid authentication credentials. Expected OAuth 2 access token, login cookie or other valid authentication credential. See https://developers.google.com/identity/sign-in/web/devconsole-project.","status":"UNAUTHENTICATED"}}
[debug] [2025-01-19T16:48:56.858Z] HTTP Error: 401, Request had invalid authentication credentials. Expected OAuth 2 access token, login cookie or other valid authentication credential. See https://developers.google.com/identity/sign-in/web/devconsole-project.
[debug] [2025-01-19T16:48:57.155Z] FirebaseError: HTTP Error: 401, Request had invalid authentication credentials. Expected OAuth 2 access token, login cookie or other valid authentication credential. See https://developers.google.com/identity/sign-in/web/devconsole-project.
    at responseToError (C:\Users\ThisPC\AppData\Roaming\npm\node_modules\firebase-tools\lib\responseToError.js:49:12)
    at RetryOperation._fn (C:\Users\ThisPC\AppData\Roaming\npm\node_modules\firebase-tools\lib\apiv2.js:285:77)
    at process.processTicksAndRejections (node:internal/process/task_queues:95:5)
[error] 
[error] Error: Failed to get Firebase project amr-portfolio. Please make sure the project exists and your account has permission to access it.
[debug] [2025-01-19T16:56:22.619Z] ----------------------------------------------------------------------
[debug] [2025-01-19T16:56:22.621Z] Command:       C:\Program Files\nodejs\node.exe C:\Users\ThisPC\AppData\Roaming\npm\node_modules\firebase-tools\lib\bin\firebase.js init
[debug] [2025-01-19T16:56:22.622Z] CLI Version:   13.29.1
[debug] [2025-01-19T16:56:22.622Z] Platform:      win32
[debug] [2025-01-19T16:56:22.623Z] Node Version:  v18.14.2
[debug] [2025-01-19T16:56:22.628Z] Time:          Sun Jan 19 2025 18:56:22 GMT+0200 (Eastern European Standard Time)
[debug] [2025-01-19T16:56:22.629Z] ----------------------------------------------------------------------
[debug] 
[debug] [2025-01-19T16:56:22.794Z] > command requires scopes: ["email","openid","https://www.googleapis.com/auth/cloudplatformprojects.readonly","https://www.googleapis.com/auth/firebase","https://www.googleapis.com/auth/cloud-platform"]
[debug] [2025-01-19T16:56:22.795Z] > authorizing via signed-in user (amroraker@gmail.com)
[info] 
     ######## #### ########  ######## ########     ###     ######  ########
     ##        ##  ##     ## ##       ##     ##  ##   ##  ##       ##
     ######    ##  ########  ######   ########  #########  ######  ######
     ##        ##  ##    ##  ##       ##     ## ##     ##       ## ##
     ##       #### ##     ## ######## ########  ##     ##  ######  ########

You're about to initialize a Firebase project in this directory:

  D:\My-Portfolio\my-Portfolio

Before we get started, keep in mind:

  * You are initializing within an existing Firebase project directory

[info] 
=== Project Setup
[info] 
[info] First, let's associate this project directory with a Firebase project.
[info] You can create multiple project aliases by running firebase use --add, 
[info] but for now we'll just set up a default project.
[info] 
[debug] [2025-01-19T16:56:32.103Z] Using project from CLI flag: amr-portfolio
[debug] [2025-01-19T16:56:32.105Z] Checked if tokens are valid: false, expires at: 1702718717648
[debug] [2025-01-19T16:56:32.106Z] Checked if tokens are valid: false, expires at: 1702718717648
[debug] [2025-01-19T16:56:32.106Z] > refreshing access token with scopes: []
[debug] [2025-01-19T16:56:32.109Z] >>> [apiv2][query] POST https://www.googleapis.com/oauth2/v3/token [none]
[debug] [2025-01-19T16:56:32.109Z] >>> [apiv2][body] POST https://www.googleapis.com/oauth2/v3/token [omitted]
[debug] [2025-01-19T16:56:32.642Z] <<< [apiv2][status] POST https://www.googleapis.com/oauth2/v3/token 400
[debug] [2025-01-19T16:56:32.642Z] <<< [apiv2][body] POST https://www.googleapis.com/oauth2/v3/token [omitted]
[debug] [2025-01-19T16:56:32.644Z] >>> [apiv2][query] GET https://firebase.googleapis.com/v1beta1/projects/amr-portfolio [none]
[debug] [2025-01-19T16:56:33.023Z] <<< [apiv2][status] GET https://firebase.googleapis.com/v1beta1/projects/amr-portfolio 401
[debug] [2025-01-19T16:56:33.024Z] <<< [apiv2][body] GET https://firebase.googleapis.com/v1beta1/projects/amr-portfolio {"error":{"code":401,"message":"Request had invalid authentication credentials. Expected OAuth 2 access token, login cookie or other valid authentication credential. See https://developers.google.com/identity/sign-in/web/devconsole-project.","status":"UNAUTHENTICATED"}}
[debug] [2025-01-19T16:56:33.024Z] Got a 401 Unauthenticated error for a call that required authentication. Refreshing tokens.
[debug] [2025-01-19T16:56:33.024Z] Checked if tokens are valid: false, expires at: 1702718717648
[debug] [2025-01-19T16:56:33.025Z] Checked if tokens are valid: false, expires at: 1702718717648
[debug] [2025-01-19T16:56:33.025Z] > refreshing access token with scopes: []
[debug] [2025-01-19T16:56:33.026Z] >>> [apiv2][query] POST https://www.googleapis.com/oauth2/v3/token [none]
[debug] [2025-01-19T16:56:33.027Z] >>> [apiv2][body] POST https://www.googleapis.com/oauth2/v3/token [omitted]
[debug] [2025-01-19T16:56:33.353Z] <<< [apiv2][status] POST https://www.googleapis.com/oauth2/v3/token 400
[debug] [2025-01-19T16:56:33.354Z] <<< [apiv2][body] POST https://www.googleapis.com/oauth2/v3/token [omitted]
[debug] [2025-01-19T16:56:33.356Z] Request to https://firebase.googleapis.com/v1beta1/projects/amr-portfolio had HTTP Error: 401, Request had invalid authentication credentials. Expected OAuth 2 access token, login cookie or other valid authentication credential. See https://developers.google.com/identity/sign-in/web/devconsole-project.
[debug] [2025-01-19T16:56:33.717Z] FirebaseError: Request to https://firebase.googleapis.com/v1beta1/projects/amr-portfolio had HTTP Error: 401, Request had invalid authentication credentials. Expected OAuth 2 access token, login cookie or other valid authentication credential. See https://developers.google.com/identity/sign-in/web/devconsole-project.
    at responseToError (C:\Users\ThisPC\AppData\Roaming\npm\node_modules\firebase-tools\lib\responseToError.js:52:12)
    at RetryOperation._fn (C:\Users\ThisPC\AppData\Roaming\npm\node_modules\firebase-tools\lib\apiv2.js:312:77)
    at process.processTicksAndRejections (node:internal/process/task_queues:95:5)
[error] 
[error] Error: Failed to get Firebase project amr-portfolio. Please make sure the project exists and your account has permission to access it.
[debug] [2025-01-19T16:59:05.232Z] ----------------------------------------------------------------------
[debug] [2025-01-19T16:59:05.235Z] Command:       C:\Program Files\nodejs\node.exe C:\Users\ThisPC\AppData\Roaming\npm\node_modules\firebase-tools\lib\bin\firebase.js use --add
[debug] [2025-01-19T16:59:05.235Z] CLI Version:   13.29.1
[debug] [2025-01-19T16:59:05.236Z] Platform:      win32
[debug] [2025-01-19T16:59:05.236Z] Node Version:  v18.14.2
[debug] [2025-01-19T16:59:05.237Z] Time:          Sun Jan 19 2025 18:59:05 GMT+0200 (Eastern European Standard Time)
[debug] [2025-01-19T16:59:05.237Z] ----------------------------------------------------------------------
[debug] 
[debug] [2025-01-19T16:59:05.508Z] > command requires scopes: ["email","openid","https://www.googleapis.com/auth/cloudplatformprojects.readonly","https://www.googleapis.com/auth/firebase","https://www.googleapis.com/auth/cloud-platform"]
[debug] [2025-01-19T16:59:05.510Z] > authorizing via signed-in user (amroraker@gmail.com)
[debug] [2025-01-19T16:59:05.514Z] Checked if tokens are valid: false, expires at: 1702718717648
[debug] [2025-01-19T16:59:05.516Z] Checked if tokens are valid: false, expires at: 1702718717648
[debug] [2025-01-19T16:59:05.518Z] > refreshing access token with scopes: []
[debug] [2025-01-19T16:59:05.525Z] >>> [apiv2][query] POST https://www.googleapis.com/oauth2/v3/token [none]
[debug] [2025-01-19T16:59:05.526Z] >>> [apiv2][body] POST https://www.googleapis.com/oauth2/v3/token [omitted]
[debug] [2025-01-19T16:59:06.195Z] <<< [apiv2][status] POST https://www.googleapis.com/oauth2/v3/token 400
[debug] [2025-01-19T16:59:06.196Z] <<< [apiv2][body] POST https://www.googleapis.com/oauth2/v3/token [omitted]
[debug] [2025-01-19T16:59:06.204Z] >>> [apiv2][query] GET https://firebase.googleapis.com/v1beta1/projects pageSize=1000
[debug] [2025-01-19T16:59:06.796Z] <<< [apiv2][status] GET https://firebase.googleapis.com/v1beta1/projects 401
[debug] [2025-01-19T16:59:06.797Z] <<< [apiv2][body] GET https://firebase.googleapis.com/v1beta1/projects [omitted]
[debug] [2025-01-19T16:59:06.797Z] Got a 401 Unauthenticated error for a call that required authentication. Refreshing tokens.
[debug] [2025-01-19T16:59:06.798Z] Checked if tokens are valid: false, expires at: 1702718717648
[debug] [2025-01-19T16:59:06.799Z] Checked if tokens are valid: false, expires at: 1702718717648
[debug] [2025-01-19T16:59:06.799Z] > refreshing access token with scopes: []
[debug] [2025-01-19T16:59:06.802Z] >>> [apiv2][query] POST https://www.googleapis.com/oauth2/v3/token [none]
[debug] [2025-01-19T16:59:06.803Z] >>> [apiv2][body] POST https://www.googleapis.com/oauth2/v3/token [omitted]
[debug] [2025-01-19T16:59:07.131Z] <<< [apiv2][status] POST https://www.googleapis.com/oauth2/v3/token 400
[debug] [2025-01-19T16:59:07.131Z] <<< [apiv2][body] POST https://www.googleapis.com/oauth2/v3/token [omitted]
[debug] [2025-01-19T16:59:07.135Z] Request to https://firebase.googleapis.com/v1beta1/projects?pageSize=1000 had HTTP Error: 401, Request had invalid authentication credentials. Expected OAuth 2 access token, login cookie or other valid authentication credential. See https://developers.google.com/identity/sign-in/web/devconsole-project.
[debug] [2025-01-19T16:59:07.747Z] FirebaseError: Request to https://firebase.googleapis.com/v1beta1/projects?pageSize=1000 had HTTP Error: 401, Request had invalid authentication credentials. Expected OAuth 2 access token, login cookie or other valid authentication credential. See https://developers.google.com/identity/sign-in/web/devconsole-project.
    at responseToError (C:\Users\ThisPC\AppData\Roaming\npm\node_modules\firebase-tools\lib\responseToError.js:52:12)
    at RetryOperation._fn (C:\Users\ThisPC\AppData\Roaming\npm\node_modules\firebase-tools\lib\apiv2.js:312:77)
    at process.processTicksAndRejections (node:internal/process/task_queues:95:5)
[error] 
[error] Error: Failed to list Firebase projects. See firebase-debug.log for more info.
